[15:56:14] [ServerMain/ERROR]: Failed to load properties from file: server.properties
java.nio.file.NoSuchFileException: server.properties
	at java.base/sun.nio.fs.UnixException.translateToIOException(UnixException.java:92)
	at java.base/sun.nio.fs.UnixException.rethrowAsIOException(UnixException.java:106)
	at java.base/sun.nio.fs.UnixException.rethrowAsIOException(UnixException.java:111)
	at java.base/sun.nio.fs.UnixFileSystemProvider.newByteChannel(UnixFileSystemProvider.java:261)
	at java.base/java.nio.file.Files.newByteChannel(Files.java:380)
	at java.base/java.nio.file.Files.newByteChannel(Files.java:432)
	at java.base/java.nio.file.spi.FileSystemProvider.newInputStream(FileSystemProvider.java:420)
	at java.base/java.nio.file.Files.newInputStream(Files.java:160)
	at asc.b(SourceFile:62)
	at arz.a(SourceFile:154)
	at asa.<init>(SourceFile:12)
	at net.minecraft.server.Main.main(SourceFile:115)
	at net.minecraft.bundler.Main.lambda$run$0(Main.java:54)
	at java.base/java.lang.Thread.run(Thread.java:1583)
[15:56:14] [ServerMain/INFO]: Environment: Environment[sessionHost=https://sessionserver.mojang.com, servicesHost=https://api.minecraftservices.com, profilesHost=https://api.mojang.com, name=PROD]
[15:56:15] [ServerMain/INFO]: No existing world data, creating new world
[15:56:16] [ServerMain/INFO]: Loaded 1470 recipes
[15:56:16] [ServerMain/INFO]: Loaded 1584 advancements
[15:56:16] [Server thread/INFO]: Starting minecraft server version 1.21.11
[15:56:16] [Server thread/INFO]: Loading properties
[15:56:16] [Server thread/INFO]: Default game type: SURVIVAL
[15:56:16] [Server thread/INFO]: Generating keypair
[15:56:16] [Server thread/INFO]: Starting Minecraft server on *:25565
[15:56:16] [Server thread/INFO]: Preparing level "world"
[15:56:16] [Server thread/INFO]: Selecting global world spawn...
[15:56:19] [Server thread/INFO]: Loading 0 persistent chunks...
[15:56:19] [Server thread/INFO]: Preparing spawn area: 100%
[15:56:19] [Server thread/INFO]: Time elapsed: 2209 ms
[15:56:19] [Server thread/INFO]: Done (2.505s)! For help, type "help"
[15:57:19] [Server thread/INFO]: Server empty for 60 seconds, pausing
[15:57:37] [Server thread/INFO]: There are 0 of a max of 20 players online: 
[15:57:43] [Server thread/INFO]: [Not Secure] [Server] test
[15:57:56] [Server thread/INFO]: Stopping the server
[15:57:56] [Server thread/INFO]: Stopping server
[15:57:56] [Server thread/INFO]: Saving players
[15:57:56] [Server thread/INFO]: Saving worlds
[15:57:56] [Server thread/INFO]: Saving chunks for level 'ServerLevel[world]'/minecraft:overworld
[15:57:56] [Server thread/INFO]: Saving chunks for level 'ServerLevel[world]'/minecraft:the_end
[15:57:56] [Server thread/INFO]: Saving chunks for level 'ServerLevel[world]'/minecraft:the_nether
[15:57:56] [Server thread/INFO]: ThreadedAnvilChunkStorage (world): All chunks are saved
[15:57:56] [Server thread/INFO]: ThreadedAnvilChunkStorage (DIM1): All chunks are saved
[15:57:56] [Server thread/INFO]: ThreadedAnvilChunkStorage (DIM-1): All chunks are saved
[15:57:56] [Server thread/INFO]: ThreadedAnvilChunkStorage: All dimensions are saved
